This file contains any messages produced by compilers while
running configure, to aid debugging if configure makes a mistake.

It was created by Valgrind configure 3.16.1, which was
generated by GNU Autoconf 2.69.  Invocation command line was

  $ ./configure --prefix=/usr/local/valgrind

## --------- ##
## Platform. ##
## --------- ##

hostname = LAPTOP-VEIAKSKF
uname -m = x86_64
uname -r = 3.1.7(0.340/5/3)
uname -s = CYGWIN_NT-10.0
uname -v = 2020-08-22 17:48

/usr/bin/uname -p = unknown
/bin/uname -X     = unknown

/bin/arch              = x86_64
/usr/bin/arch -k       = unknown
/usr/convex/getsysinfo = unknown
/usr/bin/hostinfo      = unknown
/bin/machine           = unknown
/usr/bin/oslevel       = unknown
/bin/universe          = unknown

PATH: /usr/local/bin
PATH: /usr/bin
PATH: /cygdrive/d/Program Files/Python38/Scripts
PATH: /cygdrive/d/Program Files/Python38
PATH: /cygdrive/c/Windows/system32
PATH: /cygdrive/c/Windows
PATH: /cygdrive/c/Windows/System32/Wbem
PATH: /cygdrive/c/Windows/System32/WindowsPowerShell/v1.0
PATH: /cygdrive/c/Windows/System32/OpenSSH
PATH: /cygdrive/d/ffmpeg-full_build/bin
PATH: /cygdrive/d/Program Files/Git/cmd
PATH: /cygdrive/c/Users/shuan/AppData/Local/Microsoft/WindowsApps
PATH: /cygdrive/d/Program Files/JetBrains/PyCharm Community Edition 2020.2.2/bin
PATH: /cygdrive/d/ffmpeg-full_build/bin


## ----------- ##
## Core tests. ##
## ----------- ##

configure:2785: checking for a BSD-compatible install
configure:2853: result: /usr/bin/install -c
configure:2864: checking whether build environment is sane
configure:2919: result: yes
configure:3070: checking for a thread-safe mkdir -p
configure:3109: result: /usr/bin/mkdir -p
configure:3116: checking for gawk
configure:3132: found /usr/bin/gawk
configure:3143: result: gawk
configure:3154: checking whether make sets $(MAKE)
configure:3176: result: yes
configure:3205: checking whether make supports nested variables
configure:3222: result: yes
configure:3350: checking whether to enable maintainer-specific portions of Makefiles
configure:3359: result: no
configure:3384: checking whether ln -s works
configure:3388: result: yes
configure:3443: checking for gcc
configure:3459: found /usr/bin/gcc
configure:3470: result: gcc
configure:3699: checking for C compiler version
configure:3708: gcc --version >&5
gcc (GCC) 10.2.0
Copyright (C) 2020 Free Software Foundation, Inc.
This is free software; see the source for copying conditions.  There is NO
warranty; not even for MERCHANTABILITY or FITNESS FOR A PARTICULAR PURPOSE.

configure:3719: $? = 0
configure:3708: gcc -v >&5
Using built-in specs.
COLLECT_GCC=gcc
COLLECT_LTO_WRAPPER=/usr/lib/gcc/x86_64-pc-cygwin/10/lto-wrapper.exe
Target: x86_64-pc-cygwin
Configured with: /mnt/share/cygpkgs/gcc/gcc.x86_64/src/gcc-10.2.0/configure --srcdir=/mnt/share/cygpkgs/gcc/gcc.x86_64/src/gcc-10.2.0 --prefix=/usr --exec-prefix=/usr --localstatedir=/var --sysconfdir=/etc --docdir=/usr/share/doc/gcc --htmldir=/usr/share/doc/gcc/html -C --build=x86_64-pc-cygwin --host=x86_64-pc-cygwin --target=x86_64-pc-cygwin --without-libiconv-prefix --without-libintl-prefix --libexecdir=/usr/lib --with-gcc-major-version-only --enable-shared --enable-shared-libgcc --enable-static --enable-version-specific-runtime-libs --enable-bootstrap --enable-__cxa_atexit --with-dwarf2 --with-tune=generic --enable-languages=c,c++,fortran,lto,objc,obj-c++ --enable-graphite --enable-threads=posix --enable-libatomic --enable-libgomp --enable-libquadmath --enable-libquadmath-support --disable-libssp --enable-libada --disable-symvers --with-gnu-ld --with-gnu-as --with-cloog-include=/usr/include/cloog-isl --without-libiconv-prefix --without-libintl-prefix --with-system-zlib --enable-linker-build-id --with-default-libstdcxx-abi=gcc4-compatible --enable-libstdcxx-filesystem-ts
Thread model: posix
Supported LTO compression algorithms: zlib zstd
gcc version 10.2.0 (GCC) 
configure:3719: $? = 0
configure:3708: gcc -V >&5
gcc: error: unrecognized command-line option '-V'
gcc: fatal error: no input files
compilation terminated.
configure:3719: $? = 1
configure:3708: gcc -qversion >&5
gcc: error: unrecognized command-line option '-qversion'; did you mean '--version'?
gcc: fatal error: no input files
compilation terminated.
configure:3719: $? = 1
configure:3739: checking whether the C compiler works
configure:3761: gcc    conftest.c  >&5
configure:3765: $? = 0
configure:3813: result: yes
configure:3816: checking for C compiler default output file name
configure:3818: result: a.exe
configure:3824: checking for suffix of executables
configure:3831: gcc -o conftest.exe    conftest.c  >&5
configure:3835: $? = 0
configure:3857: result: .exe
configure:3879: checking whether we are cross compiling
configure:3887: gcc -o conftest.exe    conftest.c  >&5
configure:3891: $? = 0
configure:3898: ./conftest.exe
configure:3902: $? = 0
configure:3917: result: no
configure:3922: checking for suffix of object files
configure:3944: gcc -c   conftest.c >&5
configure:3948: $? = 0
configure:3969: result: o
configure:3973: checking whether we are using the GNU C compiler
configure:3992: gcc -c   conftest.c >&5
configure:3992: $? = 0
configure:4001: result: yes
configure:4010: checking whether gcc accepts -g
configure:4030: gcc -c -g  conftest.c >&5
configure:4030: $? = 0
configure:4071: result: yes
configure:4088: checking for gcc option to accept ISO C89
configure:4151: gcc  -c   conftest.c >&5
configure:4151: $? = 0
configure:4164: result: none needed
configure:4189: checking whether gcc understands -c and -o together
configure:4211: gcc -c conftest.c -o conftest2.o
configure:4214: $? = 0
configure:4211: gcc -c conftest.c -o conftest2.o
configure:4214: $? = 0
configure:4226: result: yes
configure:4246: checking whether make supports the include directive
configure:4261: make -f confmf.GNU && cat confinc.out
this is the am__doit target
configure:4264: $? = 0
configure:4283: result: yes (GNU style)
configure:4308: checking dependency style of gcc
configure:4419: result: gcc3
configure:4440: checking how to run the C preprocessor
configure:4471: gcc -E  conftest.c
configure:4471: $? = 0
configure:4485: gcc -E  conftest.c
conftest.c:11:10: fatal error: ac_nonexistent.h: No such file or directory
   11 | #include <ac_nonexistent.h>
      |          ^~~~~~~~~~~~~~~~~~
compilation terminated.
configure:4485: $? = 1
configure: failed program was:
| /* confdefs.h */
| #define PACKAGE_NAME "Valgrind"
| #define PACKAGE_TARNAME "valgrind"
| #define PACKAGE_VERSION "3.16.1"
| #define PACKAGE_STRING "Valgrind 3.16.1"
| #define PACKAGE_BUGREPORT "valgrind-users@lists.sourceforge.net"
| #define PACKAGE_URL ""
| #define PACKAGE "valgrind"
| #define VERSION "3.16.1"
| /* end confdefs.h.  */
| #include <ac_nonexistent.h>
configure:4510: result: gcc -E
configure:4530: gcc -E  conftest.c
configure:4530: $? = 0
configure:4544: gcc -E  conftest.c
conftest.c:11:10: fatal error: ac_nonexistent.h: No such file or directory
   11 | #include <ac_nonexistent.h>
      |          ^~~~~~~~~~~~~~~~~~
compilation terminated.
configure:4544: $? = 1
configure: failed program was:
| /* confdefs.h */
| #define PACKAGE_NAME "Valgrind"
| #define PACKAGE_TARNAME "valgrind"
| #define PACKAGE_VERSION "3.16.1"
| #define PACKAGE_STRING "Valgrind 3.16.1"
| #define PACKAGE_BUGREPORT "valgrind-users@lists.sourceforge.net"
| #define PACKAGE_URL ""
| #define PACKAGE "valgrind"
| #define VERSION "3.16.1"
| /* end confdefs.h.  */
| #include <ac_nonexistent.h>
configure:4630: checking for g++
configure:4646: found /usr/bin/g++
configure:4657: result: g++
configure:4684: checking for C++ compiler version
configure:4693: g++ --version >&5
g++ (GCC) 10.2.0
Copyright (C) 2020 Free Software Foundation, Inc.
This is free software; see the source for copying conditions.  There is NO
warranty; not even for MERCHANTABILITY or FITNESS FOR A PARTICULAR PURPOSE.

configure:4704: $? = 0
configure:4693: g++ -v >&5
Using built-in specs.
COLLECT_GCC=g++
COLLECT_LTO_WRAPPER=/usr/lib/gcc/x86_64-pc-cygwin/10/lto-wrapper.exe
Target: x86_64-pc-cygwin
Configured with: /mnt/share/cygpkgs/gcc/gcc.x86_64/src/gcc-10.2.0/configure --srcdir=/mnt/share/cygpkgs/gcc/gcc.x86_64/src/gcc-10.2.0 --prefix=/usr --exec-prefix=/usr --localstatedir=/var --sysconfdir=/etc --docdir=/usr/share/doc/gcc --htmldir=/usr/share/doc/gcc/html -C --build=x86_64-pc-cygwin --host=x86_64-pc-cygwin --target=x86_64-pc-cygwin --without-libiconv-prefix --without-libintl-prefix --libexecdir=/usr/lib --with-gcc-major-version-only --enable-shared --enable-shared-libgcc --enable-static --enable-version-specific-runtime-libs --enable-bootstrap --enable-__cxa_atexit --with-dwarf2 --with-tune=generic --enable-languages=c,c++,fortran,lto,objc,obj-c++ --enable-graphite --enable-threads=posix --enable-libatomic --enable-libgomp --enable-libquadmath --enable-libquadmath-support --disable-libssp --enable-libada --disable-symvers --with-gnu-ld --with-gnu-as --with-cloog-include=/usr/include/cloog-isl --without-libiconv-prefix --without-libintl-prefix --with-system-zlib --enable-linker-build-id --with-default-libstdcxx-abi=gcc4-compatible --enable-libstdcxx-filesystem-ts
Thread model: posix
Supported LTO compression algorithms: zlib zstd
gcc version 10.2.0 (GCC) 
configure:4704: $? = 0
configure:4693: g++ -V >&5
g++: error: unrecognized command-line option '-V'
g++: fatal error: no input files
compilation terminated.
configure:4704: $? = 1
configure:4693: g++ -qversion >&5
g++: error: unrecognized command-line option '-qversion'; did you mean '--version'?
g++: fatal error: no input files
compilation terminated.
configure:4704: $? = 1
configure:4708: checking whether we are using the GNU C++ compiler
configure:4727: g++ -c   conftest.cpp >&5
configure:4727: $? = 0
configure:4736: result: yes
configure:4745: checking whether g++ accepts -g
configure:4765: g++ -c -g  conftest.cpp >&5
configure:4765: $? = 0
configure:4806: result: yes
configure:4831: checking dependency style of g++
configure:4942: result: gcc3
configure:5013: checking for ranlib
configure:5029: found /usr/bin/ranlib
configure:5040: result: ranlib
configure:5068: checking for gcc-ranlib
configure:5086: found /usr/bin/gcc-ranlib
configure:5098: result: /usr/bin/gcc-ranlib
configure:5115: checking for a sed that does not truncate output
configure:5179: result: /usr/bin/sed
configure:5192: checking for ar
configure:5210: found /usr/bin/ar
configure:5222: result: /usr/bin/ar
configure:5243: checking for gcc-ar
configure:5261: found /usr/bin/gcc-ar
configure:5273: result: /usr/bin/gcc-ar
configure:5296: checking for perl
configure:5329: result: no
configure:5338: checking for gdb
configure:5369: result: /no/gdb/was/found/at/configure/time
configure:5393: checking dependency style of gcc
configure:5502: result: gcc3
configure:5521: checking for diff -u
configure:5529: result: yes
configure:5540: checking for gcc option to accept ISO C99
configure:5689: gcc  -c   conftest.c >&5
configure:5689: $? = 0
configure:5702: result: none needed
configure:5722: checking for a supported version of gcc
configure:5798: result: ok (10)
configure:5824: checking build system type
configure:5838: result: x86_64-unknown-cygwin
configure:5858: checking host system type
configure:5871: result: x86_64-unknown-cygwin
configure:5892: checking for a supported CPU
configure:5919: result: ok (x86_64)
configure:6016: checking for a 64-bit only build
configure:6029: result: no
configure:6033: checking for a 32-bit only build
configure:6046: result: no
configure:6059: checking for a supported OS
configure:6258: result: no (cygwin)
configure:6260: error: Valgrind is operating system specific. Sorry.

## ---------------- ##
## Cache variables. ##
## ---------------- ##

ac_cv_build=x86_64-unknown-cygwin
ac_cv_c_compiler_gnu=yes
ac_cv_cxx_compiler_gnu=yes
ac_cv_env_AR_set=
ac_cv_env_AR_value=
ac_cv_env_CCASFLAGS_set=
ac_cv_env_CCASFLAGS_value=
ac_cv_env_CCAS_set=
ac_cv_env_CCAS_value=
ac_cv_env_CCC_set=
ac_cv_env_CCC_value=
ac_cv_env_CC_set=
ac_cv_env_CC_value=
ac_cv_env_CFLAGS_set=
ac_cv_env_CFLAGS_value=
ac_cv_env_CPPFLAGS_set=
ac_cv_env_CPPFLAGS_value=
ac_cv_env_CPP_set=
ac_cv_env_CPP_value=
ac_cv_env_CXXFLAGS_set=
ac_cv_env_CXXFLAGS_value=
ac_cv_env_CXX_set=
ac_cv_env_CXX_value=
ac_cv_env_LDFLAGS_set=
ac_cv_env_LDFLAGS_value=
ac_cv_env_LIBS_set=
ac_cv_env_LIBS_value=
ac_cv_env_LTO_AR_set=
ac_cv_env_LTO_AR_value=
ac_cv_env_LTO_RANLIB_set=
ac_cv_env_LTO_RANLIB_value=
ac_cv_env_build_alias_set=
ac_cv_env_build_alias_value=
ac_cv_env_host_alias_set=
ac_cv_env_host_alias_value=
ac_cv_env_target_alias_set=
ac_cv_env_target_alias_value=
ac_cv_exeext=.exe
ac_cv_host=x86_64-unknown-cygwin
ac_cv_objext=o
ac_cv_path_AR=/usr/bin/ar
ac_cv_path_GDB=/no/gdb/was/found/at/configure/time
ac_cv_path_LTO_AR=/usr/bin/gcc-ar
ac_cv_path_LTO_RANLIB=/usr/bin/gcc-ranlib
ac_cv_path_SED=/usr/bin/sed
ac_cv_path_install='/usr/bin/install -c'
ac_cv_path_mkdir=/usr/bin/mkdir
ac_cv_prog_AWK=gawk
ac_cv_prog_CPP='gcc -E'
ac_cv_prog_ac_ct_CC=gcc
ac_cv_prog_ac_ct_CXX=g++
ac_cv_prog_ac_ct_RANLIB=ranlib
ac_cv_prog_cc_c89=
ac_cv_prog_cc_c99=
ac_cv_prog_cc_g=yes
ac_cv_prog_cxx_g=yes
ac_cv_prog_make_make_set=yes
am_cv_CCAS_dependencies_compiler_type=gcc3
am_cv_CC_dependencies_compiler_type=gcc3
am_cv_CXX_dependencies_compiler_type=gcc3
am_cv_make_support_nested_variables=yes
am_cv_prog_cc_c_o=yes
vg_cv_only32bit=no
vg_cv_only64bit=no

## ----------------- ##
## Output variables. ##
## ----------------- ##

ACLOCAL='${SHELL} /home/valgrind-3.16.1/missing aclocal-1.16'
AMDEPBACKSLASH='\'
AMDEP_FALSE='#'
AMDEP_TRUE=''
AMTAR='$${TAR-tar}'
AM_BACKSLASH='\'
AM_DEFAULT_V='$(AM_DEFAULT_VERBOSITY)'
AM_DEFAULT_VERBOSITY='1'
AM_V='$(V)'
AR='/usr/bin/ar'
AUTOCONF='${SHELL} /home/valgrind-3.16.1/missing autoconf'
AUTOHEADER='${SHELL} /home/valgrind-3.16.1/missing autoheader'
AUTOMAKE='${SHELL} /home/valgrind-3.16.1/missing automake-1.16'
AWK='gawk'
BOOST_CFLAGS=''
BOOST_LIBS=''
BUILD_ADDR32_TESTS_FALSE=''
BUILD_ADDR32_TESTS_TRUE=''
BUILD_ADX_TESTS_FALSE=''
BUILD_ADX_TESTS_TRUE=''
BUILD_ARMV81_TESTS_FALSE=''
BUILD_ARMV81_TESTS_TRUE=''
BUILD_ARMV8_CRC_TESTS_FALSE=''
BUILD_ARMV8_CRC_TESTS_TRUE=''
BUILD_AVX2_TESTS_FALSE=''
BUILD_AVX2_TESTS_TRUE=''
BUILD_AVX_TESTS_FALSE=''
BUILD_AVX_TESTS_TRUE=''
BUILD_BMI_TESTS_FALSE=''
BUILD_BMI_TESTS_TRUE=''
BUILD_DFP_TESTS_FALSE=''
BUILD_DFP_TESTS_TRUE=''
BUILD_F16C_TESTS_FALSE=''
BUILD_F16C_TESTS_TRUE=''
BUILD_FMA4_TESTS_FALSE=''
BUILD_FMA4_TESTS_TRUE=''
BUILD_FMA_TESTS_FALSE=''
BUILD_FMA_TESTS_TRUE=''
BUILD_IFUNC_TESTS_FALSE=''
BUILD_IFUNC_TESTS_TRUE=''
BUILD_LOOPNEL_TESTS_FALSE=''
BUILD_LOOPNEL_TESTS_TRUE=''
BUILD_LZCNT_TESTS_FALSE=''
BUILD_LZCNT_TESTS_TRUE=''
BUILD_MOVBE_TESTS_FALSE=''
BUILD_MOVBE_TESTS_TRUE=''
BUILD_MPIWRAP_PRI_FALSE=''
BUILD_MPIWRAP_PRI_TRUE=''
BUILD_MPIWRAP_SEC_FALSE=''
BUILD_MPIWRAP_SEC_TRUE=''
BUILD_MPX_TESTS_FALSE=''
BUILD_MPX_TESTS_TRUE=''
BUILD_PCLMULQDQ_TESTS_FALSE=''
BUILD_PCLMULQDQ_TESTS_TRUE=''
BUILD_RDRAND_TESTS_FALSE=''
BUILD_RDRAND_TESTS_TRUE=''
BUILD_SSE3_TESTS_FALSE=''
BUILD_SSE3_TESTS_TRUE=''
BUILD_SSE42_TESTS_FALSE=''
BUILD_SSE42_TESTS_TRUE=''
BUILD_SSSE3_TESTS_FALSE=''
BUILD_SSSE3_TESTS_TRUE=''
BUILD_TSX_TESTS_FALSE=''
BUILD_TSX_TESTS_TRUE=''
BUILD_VPCLMULQDQ_TESTS_FALSE=''
BUILD_VPCLMULQDQ_TESTS_TRUE=''
CC='gcc'
CCAS='gcc'
CCASDEPMODE='depmode=gcc3'
CCASFLAGS=''
CCDEPMODE='depmode=gcc3'
CFLAGS=''
CFLAGS_MPI=''
COMPILER_IS_CLANG_FALSE=''
COMPILER_IS_CLANG_TRUE='#'
COMPILER_IS_ICC_FALSE=''
COMPILER_IS_ICC_TRUE='#'
CPP='gcc -E'
CPPFLAGS=''
CXX='g++'
CXXDEPMODE='depmode=gcc3'
CXXFLAGS=''
CXX_CAN_INCLUDE_THREAD_HEADER_FALSE=''
CXX_CAN_INCLUDE_THREAD_HEADER_TRUE=''
CYGPATH_W='cygpath -w'
DEFAULT_SUPP=''
DEFS=''
DEPDIR='.deps'
DIFF='diff -u'
DIS_PATH=''
DWARF4_FALSE=''
DWARF4_TRUE=''
ECHO_C=''
ECHO_N='-n'
ECHO_T=''
EGREP=''
ENABLE_LINUX_TICKET_LOCK_PRIMARY_FALSE=''
ENABLE_LINUX_TICKET_LOCK_PRIMARY_TRUE=''
ENABLE_LINUX_TICKET_LOCK_SECONDARY_FALSE=''
ENABLE_LINUX_TICKET_LOCK_SECONDARY_TRUE=''
EXEEXT='.exe'
FLAG_FALIGNED_NEW=''
FLAG_FINLINE_FUNCTIONS=''
FLAG_FNO_IPA_ICF=''
FLAG_FNO_STACK_PROTECTOR=''
FLAG_FSANITIZE=''
FLAG_M32=''
FLAG_M64=''
FLAG_MLONG_DOUBLE_128=''
FLAG_MMMX=''
FLAG_MSA=''
FLAG_MSSE=''
FLAG_NO_BUILD_ID=''
FLAG_NO_PIE=''
FLAG_OCTEON2=''
FLAG_OCTEON=''
FLAG_PIE=''
FLAG_T_TEXT=''
FLAG_UNLIMITED_INLINE_UNIT_GROWTH=''
FLAG_W_CAST_ALIGN=''
FLAG_W_CAST_QUAL=''
FLAG_W_EMPTY_BODY=''
FLAG_W_ENUM_CONVERSION=''
FLAG_W_EXTRA=''
FLAG_W_FORMAT=''
FLAG_W_FORMAT_SECURITY=''
FLAG_W_FORMAT_SIGNEDNESS=''
FLAG_W_IGNORED_QUALIFIERS=''
FLAG_W_IMPLICIT_FALLTHROUGH=''
FLAG_W_LOGICAL_OP=''
FLAG_W_MISSING_PARAMETER_TYPE=''
FLAG_W_NO_INFINITE_RECURSION=''
FLAG_W_NO_MEMSET_TRANSPOSED_ARGS=''
FLAG_W_NO_MISMATCHED_NEW_DELETE=''
FLAG_W_NO_NONNULL=''
FLAG_W_NO_OVERFLOW=''
FLAG_W_NO_POINTER_SIGN=''
FLAG_W_NO_STATIC_LOCAL_IN_INLINE=''
FLAG_W_NO_UNINITIALIZED=''
FLAG_W_NO_UNUSED_FUNCTION=''
FLAG_W_OLD_STYLE_DECLARATION=''
FLAG_W_WRITE_STRINGS=''
GDB='/no/gdb/was/found/at/configure/time'
GLIBC_VERSION=''
GREP=''
GZ_ZLIB_FALSE=''
GZ_ZLIB_GNU_FALSE=''
GZ_ZLIB_GNU_TRUE=''
GZ_ZLIB_TRUE=''
HAS_ALTIVEC_FALSE=''
HAS_ALTIVEC_TRUE=''
HAS_DFP_FALSE=''
HAS_DFP_TRUE=''
HAS_ISA_2_05_FALSE=''
HAS_ISA_2_05_TRUE=''
HAS_ISA_2_06_FALSE=''
HAS_ISA_2_06_TRUE=''
HAS_ISA_2_07_FALSE=''
HAS_ISA_2_07_TRUE=''
HAS_ISA_3_00_FALSE=''
HAS_ISA_3_00_TRUE=''
HAS_MLONG_DOUBLE_128_FALSE=''
HAS_MLONG_DOUBLE_128_TRUE=''
HAS_VSX_FALSE=''
HAS_VSX_TRUE=''
HAVE_ASM_CONSTRAINT_P_FALSE=''
HAVE_ASM_CONSTRAINT_P_TRUE=''
HAVE_AT_FDCWD_FALSE=''
HAVE_AT_FDCWD_TRUE=''
HAVE_BOOST_1_35_FALSE=''
HAVE_BOOST_1_35_TRUE=''
HAVE_BUILTIN_ATOMIC64_FALSE=''
HAVE_BUILTIN_ATOMIC64_TRUE=''
HAVE_BUILTIN_ATOMIC_CXX_FALSE=''
HAVE_BUILTIN_ATOMIC_CXX_TRUE=''
HAVE_BUILTIN_ATOMIC_FALSE=''
HAVE_BUILTIN_ATOMIC_SECONDARY_FALSE=''
HAVE_BUILTIN_ATOMIC_SECONDARY_TRUE=''
HAVE_BUILTIN_ATOMIC_TRUE=''
HAVE_COPY_FILE_RANGE_FALSE=''
HAVE_COPY_FILE_RANGE_TRUE=''
HAVE_DLINFO_RTLD_DI_TLS_MODID_FALSE=''
HAVE_DLINFO_RTLD_DI_TLS_MODID_TRUE=''
HAVE_GNU_STPNCPY_FALSE=''
HAVE_GNU_STPNCPY_TRUE=''
HAVE_NESTED_FUNCTIONS_FALSE=''
HAVE_NESTED_FUNCTIONS_TRUE=''
HAVE_NR_MEMBARRIER_FALSE=''
HAVE_NR_MEMBARRIER_TRUE=''
HAVE_OPENMP_FALSE=''
HAVE_OPENMP_TRUE=''
HAVE_PREADV2_PWRITEV2_FALSE=''
HAVE_PREADV2_PWRITEV2_TRUE=''
HAVE_PREADV_PWRITEV_FALSE=''
HAVE_PREADV_PWRITEV_TRUE=''
HAVE_PTHREAD_BARRIER_FALSE=''
HAVE_PTHREAD_BARRIER_TRUE=''
HAVE_PTHREAD_CREATE_GLIBC_2_0_FALSE=''
HAVE_PTHREAD_CREATE_GLIBC_2_0_TRUE=''
HAVE_PTHREAD_MUTEX_TIMEDLOCK_FALSE=''
HAVE_PTHREAD_MUTEX_TIMEDLOCK_TRUE=''
HAVE_PTHREAD_SETNAME_NP_FALSE=''
HAVE_PTHREAD_SETNAME_NP_TRUE=''
HAVE_PTHREAD_SPINLOCK_FALSE=''
HAVE_PTHREAD_SPINLOCK_TRUE=''
HAVE_SHARED_POINTER_ANNOTATION_FALSE=''
HAVE_SHARED_POINTER_ANNOTATION_TRUE=''
HWCAP_HAS_ALTIVEC=''
HWCAP_HAS_DFP=''
HWCAP_HAS_HTM=''
HWCAP_HAS_ISA_2_05=''
HWCAP_HAS_ISA_2_06=''
HWCAP_HAS_ISA_2_07=''
HWCAP_HAS_ISA_3_00=''
HWCAP_HAS_VSX=''
INSTALL_DATA='${INSTALL} -m 644'
INSTALL_PROGRAM='${INSTALL}'
INSTALL_SCRIPT='${INSTALL}'
INSTALL_STRIP_PROGRAM='$(install_sh) -c -s'
LDFLAGS=''
LDFLAGS_MPI=''
LIBOBJS=''
LIBS=''
LIB_UBSAN=''
LN_S='ln -s'
LTLIBOBJS=''
LTO_AR='/usr/bin/gcc-ar'
LTO_CFLAGS=''
LTO_RANLIB='/usr/bin/gcc-ranlib'
MAINT='#'
MAINTAINER_MODE_FALSE=''
MAINTAINER_MODE_TRUE='#'
MAKEINFO='${SHELL} /home/valgrind-3.16.1/missing makeinfo'
MKDIR_P='/usr/bin/mkdir -p'
MPI_CC=''
OBJEXT='o'
PACKAGE='valgrind'
PACKAGE_BUGREPORT='valgrind-users@lists.sourceforge.net'
PACKAGE_NAME='Valgrind'
PACKAGE_STRING='Valgrind 3.16.1'
PACKAGE_TARNAME='valgrind'
PACKAGE_URL=''
PACKAGE_VERSION='3.16.1'
PATH_SEPARATOR=':'
PERL=''
PREFERRED_STACK_BOUNDARY_2=''
RANLIB='ranlib'
SED='/usr/bin/sed'
SET_MAKE=''
SHELL='/bin/sh'
SOLARIS_AUDITON_STAT_FALSE=''
SOLARIS_AUDITON_STAT_TRUE=''
SOLARIS_EXECVE_SYSCALL_TAKES_FLAGS_FALSE=''
SOLARIS_EXECVE_SYSCALL_TAKES_FLAGS_TRUE=''
SOLARIS_FREALPATHAT_SYSCALL_FALSE=''
SOLARIS_FREALPATHAT_SYSCALL_TRUE=''
SOLARIS_GETHRT_FASTTRAP_FALSE=''
SOLARIS_GETHRT_FASTTRAP_TRUE=''
SOLARIS_GETRANDOM_SYSCALL_FALSE=''
SOLARIS_GETRANDOM_SYSCALL_TRUE=''
SOLARIS_GETZONEOFFSET_FASTTRAP_FALSE=''
SOLARIS_GETZONEOFFSET_FASTTRAP_TRUE=''
SOLARIS_LWP_NAME_SYSCALL_FALSE=''
SOLARIS_LWP_NAME_SYSCALL_TRUE=''
SOLARIS_LWP_SIGQUEUE_SYSCALL_FALSE=''
SOLARIS_LWP_SIGQUEUE_SYSCALL_TAKES_PID_FALSE=''
SOLARIS_LWP_SIGQUEUE_SYSCALL_TAKES_PID_TRUE=''
SOLARIS_LWP_SIGQUEUE_SYSCALL_TRUE=''
SOLARIS_MODCTL_MODNVL_FALSE=''
SOLARIS_MODCTL_MODNVL_TRUE=''
SOLARIS_NSCD_DOOR_SYSTEM_VOLATILE_FALSE=''
SOLARIS_NSCD_DOOR_SYSTEM_VOLATILE_TRUE=''
SOLARIS_OLD_SYSCALLS_FALSE=''
SOLARIS_OLD_SYSCALLS_TRUE=''
SOLARIS_PROC_CMDLINE_FALSE=''
SOLARIS_PROC_CMDLINE_TRUE=''
SOLARIS_PRXREGSET_T_FALSE=''
SOLARIS_PRXREGSET_T_TRUE=''
SOLARIS_PSET_GET_NAME_FALSE=''
SOLARIS_PSET_GET_NAME_TRUE=''
SOLARIS_RESERVE_SYSSTAT_ADDR_FALSE=''
SOLARIS_RESERVE_SYSSTAT_ADDR_TRUE=''
SOLARIS_RESERVE_SYSSTAT_ZONE_ADDR_FALSE=''
SOLARIS_RESERVE_SYSSTAT_ZONE_ADDR_TRUE=''
SOLARIS_SHM_NEW_FALSE=''
SOLARIS_SHM_NEW_TRUE=''
SOLARIS_SPAWN_SYSCALL_FALSE=''
SOLARIS_SPAWN_SYSCALL_TRUE=''
SOLARIS_SUN_STUDIO_AS_FALSE=''
SOLARIS_SUN_STUDIO_AS_TRUE=''
SOLARIS_SYSTEM_STATS_SYSCALL_FALSE=''
SOLARIS_SYSTEM_STATS_SYSCALL_TRUE=''
SOLARIS_TNDB_GET_TNIP_FALSE=''
SOLARIS_TNDB_GET_TNIP_TRUE=''
SOLARIS_TSOL_CLEARANCE_FALSE=''
SOLARIS_TSOL_CLEARANCE_TRUE=''
SOLARIS_UNDEF_LARGESOURCE=''
SOLARIS_UTIMENSAT_SYSCALL_FALSE=''
SOLARIS_UTIMENSAT_SYSCALL_TRUE=''
SOLARIS_UTIMESYS_SYSCALL_FALSE=''
SOLARIS_UTIMESYS_SYSCALL_TRUE=''
SOLARIS_UUIDSYS_SYSCALL_FALSE=''
SOLARIS_UUIDSYS_SYSCALL_TRUE=''
SOLARIS_XPG_SYMBOLS_PRESENT_FALSE=''
SOLARIS_XPG_SYMBOLS_PRESENT_TRUE=''
SOLARIS_ZONE_DEFUNCT_FALSE=''
SOLARIS_ZONE_DEFUNCT_TRUE=''
STRIP=''
SUPPORTS_HTM_FALSE=''
SUPPORTS_HTM_TRUE=''
VALT_LOAD_ADDRESS_PRI=''
VALT_LOAD_ADDRESS_SEC=''
VERSION='3.16.1'
VGCONF_ABI=''
VGCONF_ARCHS_INCLUDE_AMD64_FALSE=''
VGCONF_ARCHS_INCLUDE_AMD64_TRUE=''
VGCONF_ARCHS_INCLUDE_ARM64_FALSE=''
VGCONF_ARCHS_INCLUDE_ARM64_TRUE=''
VGCONF_ARCHS_INCLUDE_ARM_FALSE=''
VGCONF_ARCHS_INCLUDE_ARM_TRUE=''
VGCONF_ARCHS_INCLUDE_MIPS32_FALSE=''
VGCONF_ARCHS_INCLUDE_MIPS32_TRUE=''
VGCONF_ARCHS_INCLUDE_MIPS64_FALSE=''
VGCONF_ARCHS_INCLUDE_MIPS64_TRUE=''
VGCONF_ARCHS_INCLUDE_NANOMIPS_FALSE=''
VGCONF_ARCHS_INCLUDE_NANOMIPS_TRUE=''
VGCONF_ARCHS_INCLUDE_PPC32_FALSE=''
VGCONF_ARCHS_INCLUDE_PPC32_TRUE=''
VGCONF_ARCHS_INCLUDE_PPC64_FALSE=''
VGCONF_ARCHS_INCLUDE_PPC64_TRUE=''
VGCONF_ARCHS_INCLUDE_S390X_FALSE=''
VGCONF_ARCHS_INCLUDE_S390X_TRUE=''
VGCONF_ARCHS_INCLUDE_X86_FALSE=''
VGCONF_ARCHS_INCLUDE_X86_TRUE=''
VGCONF_ARCH_PRI=''
VGCONF_ARCH_SEC=''
VGCONF_HAVE_ABI_FALSE=''
VGCONF_HAVE_ABI_TRUE=''
VGCONF_HAVE_PLATFORM_SEC_FALSE=''
VGCONF_HAVE_PLATFORM_SEC_TRUE=''
VGCONF_OS=''
VGCONF_OS_IS_DARWIN_FALSE=''
VGCONF_OS_IS_DARWIN_TRUE=''
VGCONF_OS_IS_LINUX_FALSE=''
VGCONF_OS_IS_LINUX_TRUE=''
VGCONF_OS_IS_SOLARIS_FALSE=''
VGCONF_OS_IS_SOLARIS_TRUE=''
VGCONF_PLATFORMS_INCLUDE_AMD64_DARWIN_FALSE=''
VGCONF_PLATFORMS_INCLUDE_AMD64_DARWIN_TRUE=''
VGCONF_PLATFORMS_INCLUDE_AMD64_LINUX_FALSE=''
VGCONF_PLATFORMS_INCLUDE_AMD64_LINUX_TRUE=''
VGCONF_PLATFORMS_INCLUDE_AMD64_SOLARIS_FALSE=''
VGCONF_PLATFORMS_INCLUDE_AMD64_SOLARIS_TRUE=''
VGCONF_PLATFORMS_INCLUDE_ARM64_LINUX_FALSE=''
VGCONF_PLATFORMS_INCLUDE_ARM64_LINUX_TRUE=''
VGCONF_PLATFORMS_INCLUDE_ARM_LINUX_FALSE=''
VGCONF_PLATFORMS_INCLUDE_ARM_LINUX_TRUE=''
VGCONF_PLATFORMS_INCLUDE_MIPS32_LINUX_FALSE=''
VGCONF_PLATFORMS_INCLUDE_MIPS32_LINUX_TRUE=''
VGCONF_PLATFORMS_INCLUDE_MIPS64_LINUX_FALSE=''
VGCONF_PLATFORMS_INCLUDE_MIPS64_LINUX_TRUE=''
VGCONF_PLATFORMS_INCLUDE_NANOMIPS_LINUX_FALSE=''
VGCONF_PLATFORMS_INCLUDE_NANOMIPS_LINUX_TRUE=''
VGCONF_PLATFORMS_INCLUDE_PPC32_LINUX_FALSE=''
VGCONF_PLATFORMS_INCLUDE_PPC32_LINUX_TRUE=''
VGCONF_PLATFORMS_INCLUDE_PPC64BE_LINUX_FALSE=''
VGCONF_PLATFORMS_INCLUDE_PPC64BE_LINUX_TRUE=''
VGCONF_PLATFORMS_INCLUDE_PPC64LE_LINUX_FALSE=''
VGCONF_PLATFORMS_INCLUDE_PPC64LE_LINUX_TRUE=''
VGCONF_PLATFORMS_INCLUDE_S390X_LINUX_FALSE=''
VGCONF_PLATFORMS_INCLUDE_S390X_LINUX_TRUE=''
VGCONF_PLATFORMS_INCLUDE_X86_DARWIN_FALSE=''
VGCONF_PLATFORMS_INCLUDE_X86_DARWIN_TRUE=''
VGCONF_PLATFORMS_INCLUDE_X86_LINUX_FALSE=''
VGCONF_PLATFORMS_INCLUDE_X86_LINUX_TRUE=''
VGCONF_PLATFORMS_INCLUDE_X86_SOLARIS_FALSE=''
VGCONF_PLATFORMS_INCLUDE_X86_SOLARIS_TRUE=''
VGCONF_PLATFORM_PRI_CAPS=''
VGCONF_PLATFORM_SEC_CAPS=''
VGCONF_PLATVARIANT=''
VGCONF_PLATVARIANT_IS_ANDROID_FALSE=''
VGCONF_PLATVARIANT_IS_ANDROID_TRUE=''
VGCONF_PLATVARIANT_IS_VANILLA_FALSE=''
VGCONF_PLATVARIANT_IS_VANILLA_TRUE=''
VG_TMPDIR=''
XCODE_DIR=''
XCRUN=''
ac_ct_CC='gcc'
ac_ct_CXX='g++'
am__EXEEXT_FALSE=''
am__EXEEXT_TRUE=''
am__fastdepCCAS_FALSE='#'
am__fastdepCCAS_TRUE=''
am__fastdepCC_FALSE='#'
am__fastdepCC_TRUE=''
am__fastdepCXX_FALSE='#'
am__fastdepCXX_TRUE=''
am__include='include'
am__isrc=''
am__leading_dot='.'
am__nodep='_no'
am__quote=''
am__tar='$${TAR-tar} chof - "$$tardir"'
am__untar='$${TAR-tar} xf -'
bindir='${exec_prefix}/bin'
build='x86_64-unknown-cygwin'
build_alias=''
build_cpu='x86_64'
build_os='cygwin'
build_vendor='unknown'
datadir='${datarootdir}'
datarootdir='${prefix}/share'
docdir='${datarootdir}/doc/${PACKAGE_TARNAME}'
dvidir='${docdir}'
exec_prefix='NONE'
host='x86_64-unknown-cygwin'
host_alias=''
host_cpu='x86_64'
host_os='cygwin'
host_vendor='unknown'
htmldir='${docdir}'
includedir='${prefix}/include'
infodir='${datarootdir}/info'
install_sh='${SHELL} /home/valgrind-3.16.1/install-sh'
libdir='${exec_prefix}/lib'
libexecdir='${exec_prefix}/libexec'
localedir='${datarootdir}/locale'
localstatedir='${prefix}/var'
mandir='${datarootdir}/man'
mkdir_p='$(MKDIR_P)'
oldincludedir='/usr/include'
pdfdir='${docdir}'
prefix='/usr/local/valgrind'
program_transform_name='s,x,x,'
psdir='${docdir}'
sbindir='${exec_prefix}/sbin'
sharedstatedir='${prefix}/com'
sysconfdir='${prefix}/etc'
target_alias=''

## ----------- ##
## confdefs.h. ##
## ----------- ##

/* confdefs.h */
#define PACKAGE_NAME "Valgrind"
#define PACKAGE_TARNAME "valgrind"
#define PACKAGE_VERSION "3.16.1"
#define PACKAGE_STRING "Valgrind 3.16.1"
#define PACKAGE_BUGREPORT "valgrind-users@lists.sourceforge.net"
#define PACKAGE_URL ""
#define PACKAGE "valgrind"
#define VERSION "3.16.1"
#define GDB_PATH "/no/gdb/was/found/at/configure/time"

configure: exit 1
